2013-05-23 21:41:21,132 INFO org.apache.hadoop.hdfs.server.namenode.SecondaryNameNode: STARTUP_MSG: 
/************************************************************
STARTUP_MSG: Starting SecondaryNameNode
STARTUP_MSG:   host = xinfengli-laptop/127.0.1.1
STARTUP_MSG:   args = []
STARTUP_MSG:   version = 1.0.4-SNAPSHOT
STARTUP_MSG:   build =  -r ; compiled by 'xinfengli' on Thu May 23 21:40:19 EDT 2013
************************************************************/
2013-05-23 21:41:22,398 INFO org.apache.hadoop.hdfs.server.namenode.SecondaryNameNode: Starting web server as: xinfengli
2013-05-23 21:41:22,530 INFO org.mortbay.log: Logging to org.slf4j.impl.Log4jLoggerAdapter(org.mortbay.log) via org.mortbay.log.Slf4jLog
2013-05-23 21:41:22,620 INFO org.apache.hadoop.http.HttpServer: Added global filtersafety (class=org.apache.hadoop.http.HttpServer$QuotingInputFilter)
2013-05-23 21:41:22,623 INFO org.apache.hadoop.http.HttpServer: Port returned by webServer.getConnectors()[0].getLocalPort() before open() is -1. Opening the listener on 50090
2013-05-23 21:41:22,624 INFO org.apache.hadoop.http.HttpServer: listener.getLocalPort() returned 50090 webServer.getConnectors()[0].getLocalPort() returned 50090
2013-05-23 21:41:22,624 INFO org.apache.hadoop.http.HttpServer: Jetty bound to port 50090
2013-05-23 21:41:22,624 INFO org.mortbay.log: jetty-6.1.26
2013-05-23 21:41:23,495 INFO org.mortbay.log: Started SelectChannelConnector@0.0.0.0:50090
2013-05-23 21:41:23,495 INFO org.apache.hadoop.hdfs.server.namenode.SecondaryNameNode: Web server init done
2013-05-23 21:41:23,495 INFO org.apache.hadoop.hdfs.server.namenode.SecondaryNameNode: Secondary Web-server up at: 0.0.0.0:50090
2013-05-23 21:41:23,495 INFO org.apache.hadoop.hdfs.server.namenode.SecondaryNameNode: Secondary image servlet up at: 0.0.0.0:50090
2013-05-23 21:41:23,495 WARN org.apache.hadoop.hdfs.server.namenode.SecondaryNameNode: Checkpoint Period   :3600 secs (60 min)
2013-05-23 21:41:23,496 WARN org.apache.hadoop.hdfs.server.namenode.SecondaryNameNode: Log Size Trigger    :67108864 bytes (65536 KB)
2013-05-23 21:46:23,883 INFO org.apache.hadoop.hdfs.server.namenode.SecondaryNameNode: Downloaded file fsimage size 115 bytes.
2013-05-23 21:46:23,885 INFO org.apache.hadoop.hdfs.server.namenode.SecondaryNameNode: Downloaded file edits size 11042 bytes.
2013-05-23 21:46:23,887 INFO org.apache.hadoop.hdfs.util.GSet: VM type       = 32-bit
2013-05-23 21:46:23,889 INFO org.apache.hadoop.hdfs.util.GSet: 2% max memory = 17.77875 MB
2013-05-23 21:46:23,889 INFO org.apache.hadoop.hdfs.util.GSet: capacity      = 2^22 = 4194304 entries
2013-05-23 21:46:23,889 INFO org.apache.hadoop.hdfs.util.GSet: recommended=4194304, actual=4194304
2013-05-23 21:46:23,914 INFO org.apache.hadoop.hdfs.server.namenode.FSNamesystem: fsOwner=xinfengli
2013-05-23 21:46:23,915 INFO org.apache.hadoop.hdfs.server.namenode.FSNamesystem: supergroup=supergroup
2013-05-23 21:46:23,915 INFO org.apache.hadoop.hdfs.server.namenode.FSNamesystem: isPermissionEnabled=true
2013-05-23 21:46:23,917 INFO org.apache.hadoop.hdfs.server.namenode.FSNamesystem: dfs.block.invalidate.limit=100
2013-05-23 21:46:23,918 INFO org.apache.hadoop.hdfs.server.namenode.FSNamesystem: isAccessTokenEnabled=false accessKeyUpdateInterval=0 min(s), accessTokenLifetime=0 min(s)
2013-05-23 21:46:23,925 INFO org.apache.hadoop.hdfs.server.namenode.NameNode: Caching file names occuring more than 10 times 
2013-05-23 21:46:24,137 INFO org.apache.hadoop.hdfs.server.common.Storage: Number of files = 1
2013-05-23 21:46:24,137 INFO org.apache.hadoop.hdfs.server.common.Storage: Number of files under construction = 0
2013-05-23 21:46:24,158 INFO org.apache.hadoop.hdfs.server.common.Storage: Edits file /tmp/hadoop-xinfengli/dfs/namesecondary/current/edits of size 11042 edits # 109 loaded in 0 seconds.
2013-05-23 21:46:24,158 INFO org.apache.hadoop.hdfs.server.namenode.FSNamesystem: Number of transactions: 0 Total time for transactions(ms): 0Number of transactions batched in Syncs: 0 Number of syncs: 0 SyncTimes(ms): 0 
2013-05-23 21:46:24,213 INFO org.apache.hadoop.hdfs.server.common.Storage: Image file of size 3920 saved in 0 seconds.
2013-05-23 21:46:24,508 INFO org.apache.hadoop.hdfs.server.common.Storage: Image file of size 3920 saved in 0 seconds.
2013-05-23 21:46:24,736 INFO org.apache.hadoop.hdfs.server.namenode.SecondaryNameNode: Posted URL 0.0.0.0:50070putimage=1&port=50090&machine=0.0.0.0&token=-32:852980309:0:1369359983000:1369359677594
2013-05-23 21:46:25,061 INFO org.apache.hadoop.hdfs.server.namenode.SecondaryNameNode: Checkpoint done. New Image Size: 3920
2013-05-23 21:52:20,964 INFO org.apache.hadoop.hdfs.server.namenode.SecondaryNameNode: SHUTDOWN_MSG: 
/************************************************************
SHUTDOWN_MSG: Shutting down SecondaryNameNode at xinfengli-laptop/127.0.1.1
************************************************************/
2013-05-23 21:52:34,620 INFO org.apache.hadoop.hdfs.server.namenode.SecondaryNameNode: STARTUP_MSG: 
/************************************************************
STARTUP_MSG: Starting SecondaryNameNode
STARTUP_MSG:   host = xinfengli-laptop/127.0.1.1
STARTUP_MSG:   args = []
STARTUP_MSG:   version = 1.0.4-SNAPSHOT
STARTUP_MSG:   build =  -r ; compiled by 'xinfengli' on Thu May 23 21:52:02 EDT 2013
************************************************************/
2013-05-23 21:52:36,262 INFO org.apache.hadoop.hdfs.server.namenode.SecondaryNameNode: Starting web server as: xinfengli
2013-05-23 21:52:36,441 INFO org.mortbay.log: Logging to org.slf4j.impl.Log4jLoggerAdapter(org.mortbay.log) via org.mortbay.log.Slf4jLog
2013-05-23 21:52:36,628 INFO org.apache.hadoop.http.HttpServer: Added global filtersafety (class=org.apache.hadoop.http.HttpServer$QuotingInputFilter)
2013-05-23 21:52:36,641 INFO org.apache.hadoop.http.HttpServer: Port returned by webServer.getConnectors()[0].getLocalPort() before open() is -1. Opening the listener on 50090
2013-05-23 21:52:36,643 INFO org.apache.hadoop.http.HttpServer: listener.getLocalPort() returned 50090 webServer.getConnectors()[0].getLocalPort() returned 50090
2013-05-23 21:52:36,643 INFO org.apache.hadoop.http.HttpServer: Jetty bound to port 50090
2013-05-23 21:52:36,643 INFO org.mortbay.log: jetty-6.1.26
2013-05-23 21:52:37,816 INFO org.mortbay.log: Started SelectChannelConnector@0.0.0.0:50090
2013-05-23 21:52:37,816 INFO org.apache.hadoop.hdfs.server.namenode.SecondaryNameNode: Web server init done
2013-05-23 21:52:37,816 INFO org.apache.hadoop.hdfs.server.namenode.SecondaryNameNode: Secondary Web-server up at: 0.0.0.0:50090
2013-05-23 21:52:37,816 INFO org.apache.hadoop.hdfs.server.namenode.SecondaryNameNode: Secondary image servlet up at: 0.0.0.0:50090
2013-05-23 21:52:37,816 WARN org.apache.hadoop.hdfs.server.namenode.SecondaryNameNode: Checkpoint Period   :3600 secs (60 min)
2013-05-23 21:52:37,816 WARN org.apache.hadoop.hdfs.server.namenode.SecondaryNameNode: Log Size Trigger    :67108864 bytes (65536 KB)
2013-05-23 21:57:38,221 INFO org.apache.hadoop.hdfs.server.namenode.SecondaryNameNode: Downloaded file fsimage size 3920 bytes.
2013-05-23 21:57:38,223 INFO org.apache.hadoop.hdfs.server.namenode.SecondaryNameNode: Downloaded file edits size 5743 bytes.
2013-05-23 21:57:38,225 INFO org.apache.hadoop.hdfs.util.GSet: VM type       = 32-bit
2013-05-23 21:57:38,226 INFO org.apache.hadoop.hdfs.util.GSet: 2% max memory = 17.77875 MB
2013-05-23 21:57:38,226 INFO org.apache.hadoop.hdfs.util.GSet: capacity      = 2^22 = 4194304 entries
2013-05-23 21:57:38,226 INFO org.apache.hadoop.hdfs.util.GSet: recommended=4194304, actual=4194304
2013-05-23 21:57:38,251 INFO org.apache.hadoop.hdfs.server.namenode.FSNamesystem: fsOwner=xinfengli
2013-05-23 21:57:38,251 INFO org.apache.hadoop.hdfs.server.namenode.FSNamesystem: supergroup=supergroup
2013-05-23 21:57:38,251 INFO org.apache.hadoop.hdfs.server.namenode.FSNamesystem: isPermissionEnabled=true
2013-05-23 21:57:38,254 INFO org.apache.hadoop.hdfs.server.namenode.FSNamesystem: dfs.block.invalidate.limit=100
2013-05-23 21:57:38,254 INFO org.apache.hadoop.hdfs.server.namenode.FSNamesystem: isAccessTokenEnabled=false accessKeyUpdateInterval=0 min(s), accessTokenLifetime=0 min(s)
2013-05-23 21:57:38,260 INFO org.apache.hadoop.hdfs.server.namenode.NameNode: Caching file names occuring more than 10 times 
2013-05-23 21:57:38,470 INFO org.apache.hadoop.hdfs.server.common.Storage: Number of files = 35
2013-05-23 21:57:38,476 INFO org.apache.hadoop.hdfs.server.common.Storage: Number of files under construction = 0
2013-05-23 21:57:38,486 INFO org.apache.hadoop.hdfs.server.common.Storage: Edits file /tmp/hadoop-xinfengli/dfs/namesecondary/current/edits of size 5743 edits # 53 loaded in 0 seconds.
2013-05-23 21:57:38,492 INFO org.apache.hadoop.hdfs.server.namenode.FSNamesystem: Number of transactions: 0 Total time for transactions(ms): 0Number of transactions batched in Syncs: 0 Number of syncs: 0 SyncTimes(ms): 0 
2013-05-23 21:57:38,561 INFO org.apache.hadoop.hdfs.server.common.Storage: Image file of size 4744 saved in 0 seconds.
2013-05-23 21:57:38,808 INFO org.apache.hadoop.hdfs.server.common.Storage: Image file of size 4744 saved in 0 seconds.
2013-05-23 21:57:39,037 INFO org.apache.hadoop.hdfs.server.namenode.SecondaryNameNode: Posted URL 0.0.0.0:50070putimage=1&port=50090&machine=0.0.0.0&token=-32:852980309:0:1369360657000:1369360352671
2013-05-23 21:57:39,371 INFO org.apache.hadoop.hdfs.server.namenode.SecondaryNameNode: Checkpoint done. New Image Size: 4744
2013-05-23 22:17:48,359 INFO org.apache.hadoop.hdfs.server.namenode.SecondaryNameNode: SHUTDOWN_MSG: 
/************************************************************
SHUTDOWN_MSG: Shutting down SecondaryNameNode at xinfengli-laptop/127.0.1.1
************************************************************/
2013-05-23 22:18:00,025 INFO org.apache.hadoop.hdfs.server.namenode.SecondaryNameNode: STARTUP_MSG: 
/************************************************************
STARTUP_MSG: Starting SecondaryNameNode
STARTUP_MSG:   host = xinfengli-laptop/127.0.1.1
STARTUP_MSG:   args = []
STARTUP_MSG:   version = 1.0.4-SNAPSHOT
STARTUP_MSG:   build =  -r ; compiled by 'xinfengli' on Thu May 23 22:17:29 EDT 2013
************************************************************/
2013-05-23 22:18:01,167 INFO org.apache.hadoop.hdfs.server.namenode.SecondaryNameNode: Starting web server as: xinfengli
2013-05-23 22:18:01,366 INFO org.mortbay.log: Logging to org.slf4j.impl.Log4jLoggerAdapter(org.mortbay.log) via org.mortbay.log.Slf4jLog
2013-05-23 22:18:01,511 INFO org.apache.hadoop.http.HttpServer: Added global filtersafety (class=org.apache.hadoop.http.HttpServer$QuotingInputFilter)
2013-05-23 22:18:01,514 INFO org.apache.hadoop.http.HttpServer: Port returned by webServer.getConnectors()[0].getLocalPort() before open() is -1. Opening the listener on 50090
2013-05-23 22:18:01,515 INFO org.apache.hadoop.http.HttpServer: listener.getLocalPort() returned 50090 webServer.getConnectors()[0].getLocalPort() returned 50090
2013-05-23 22:18:01,515 INFO org.apache.hadoop.http.HttpServer: Jetty bound to port 50090
2013-05-23 22:18:01,516 INFO org.mortbay.log: jetty-6.1.26
2013-05-23 22:18:02,670 INFO org.mortbay.log: Started SelectChannelConnector@0.0.0.0:50090
2013-05-23 22:18:02,670 INFO org.apache.hadoop.hdfs.server.namenode.SecondaryNameNode: Web server init done
2013-05-23 22:18:02,670 INFO org.apache.hadoop.hdfs.server.namenode.SecondaryNameNode: Secondary Web-server up at: 0.0.0.0:50090
2013-05-23 22:18:02,670 INFO org.apache.hadoop.hdfs.server.namenode.SecondaryNameNode: Secondary image servlet up at: 0.0.0.0:50090
2013-05-23 22:18:02,670 WARN org.apache.hadoop.hdfs.server.namenode.SecondaryNameNode: Checkpoint Period   :3600 secs (60 min)
2013-05-23 22:18:02,670 WARN org.apache.hadoop.hdfs.server.namenode.SecondaryNameNode: Log Size Trigger    :67108864 bytes (65536 KB)
2013-05-23 22:23:02,988 INFO org.apache.hadoop.hdfs.server.namenode.SecondaryNameNode: Downloaded file fsimage size 4744 bytes.
2013-05-23 22:23:02,990 INFO org.apache.hadoop.hdfs.server.namenode.SecondaryNameNode: Downloaded file edits size 5739 bytes.
2013-05-23 22:23:02,992 INFO org.apache.hadoop.hdfs.util.GSet: VM type       = 32-bit
2013-05-23 22:23:02,992 INFO org.apache.hadoop.hdfs.util.GSet: 2% max memory = 17.77875 MB
2013-05-23 22:23:02,992 INFO org.apache.hadoop.hdfs.util.GSet: capacity      = 2^22 = 4194304 entries
2013-05-23 22:23:02,992 INFO org.apache.hadoop.hdfs.util.GSet: recommended=4194304, actual=4194304
2013-05-23 22:23:03,018 INFO org.apache.hadoop.hdfs.server.namenode.FSNamesystem: fsOwner=xinfengli
2013-05-23 22:23:03,018 INFO org.apache.hadoop.hdfs.server.namenode.FSNamesystem: supergroup=supergroup
2013-05-23 22:23:03,018 INFO org.apache.hadoop.hdfs.server.namenode.FSNamesystem: isPermissionEnabled=true
2013-05-23 22:23:03,021 INFO org.apache.hadoop.hdfs.server.namenode.FSNamesystem: dfs.block.invalidate.limit=100
2013-05-23 22:23:03,021 INFO org.apache.hadoop.hdfs.server.namenode.FSNamesystem: isAccessTokenEnabled=false accessKeyUpdateInterval=0 min(s), accessTokenLifetime=0 min(s)
2013-05-23 22:23:03,028 INFO org.apache.hadoop.hdfs.server.namenode.NameNode: Caching file names occuring more than 10 times 
2013-05-23 22:23:03,189 INFO org.apache.hadoop.hdfs.server.common.Storage: Number of files = 42
2013-05-23 22:23:03,196 INFO org.apache.hadoop.hdfs.server.common.Storage: Number of files under construction = 0
2013-05-23 22:23:03,207 INFO org.apache.hadoop.hdfs.server.common.Storage: Edits file /tmp/hadoop-xinfengli/dfs/namesecondary/current/edits of size 5739 edits # 53 loaded in 0 seconds.
2013-05-23 22:23:03,208 INFO org.apache.hadoop.hdfs.server.namenode.FSNamesystem: Number of transactions: 0 Total time for transactions(ms): 0Number of transactions batched in Syncs: 0 Number of syncs: 0 SyncTimes(ms): 0 
2013-05-23 22:23:03,282 INFO org.apache.hadoop.hdfs.server.common.Storage: Image file of size 5568 saved in 0 seconds.
2013-05-23 22:23:03,528 INFO org.apache.hadoop.hdfs.server.common.Storage: Image file of size 5568 saved in 0 seconds.
2013-05-23 22:23:03,749 INFO org.apache.hadoop.hdfs.server.namenode.SecondaryNameNode: Posted URL 0.0.0.0:50070putimage=1&port=50090&machine=0.0.0.0&token=-32:852980309:0:1369362182000:1369361876635
2013-05-23 22:23:04,058 INFO org.apache.hadoop.hdfs.server.namenode.SecondaryNameNode: Checkpoint done. New Image Size: 5568
2013-05-23 22:35:15,622 INFO org.apache.hadoop.hdfs.server.namenode.SecondaryNameNode: SHUTDOWN_MSG: 
/************************************************************
SHUTDOWN_MSG: Shutting down SecondaryNameNode at xinfengli-laptop/127.0.1.1
************************************************************/
2013-05-23 22:55:10,443 INFO org.apache.hadoop.hdfs.server.namenode.SecondaryNameNode: STARTUP_MSG: 
/************************************************************
STARTUP_MSG: Starting SecondaryNameNode
STARTUP_MSG:   host = xinfengli-laptop/127.0.1.1
STARTUP_MSG:   args = []
STARTUP_MSG:   version = 1.0.4-SNAPSHOT
STARTUP_MSG:   build =  -r ; compiled by 'xinfengli' on Thu May 23 22:53:09 EDT 2013
************************************************************/
2013-05-23 22:55:11,909 INFO org.apache.hadoop.hdfs.server.namenode.SecondaryNameNode: Starting web server as: xinfengli
2013-05-23 22:55:12,104 INFO org.mortbay.log: Logging to org.slf4j.impl.Log4jLoggerAdapter(org.mortbay.log) via org.mortbay.log.Slf4jLog
2013-05-23 22:55:12,400 INFO org.apache.hadoop.http.HttpServer: Added global filtersafety (class=org.apache.hadoop.http.HttpServer$QuotingInputFilter)
2013-05-23 22:55:12,425 INFO org.apache.hadoop.http.HttpServer: Port returned by webServer.getConnectors()[0].getLocalPort() before open() is -1. Opening the listener on 50090
2013-05-23 22:55:12,427 INFO org.apache.hadoop.http.HttpServer: listener.getLocalPort() returned 50090 webServer.getConnectors()[0].getLocalPort() returned 50090
2013-05-23 22:55:12,427 INFO org.apache.hadoop.http.HttpServer: Jetty bound to port 50090
2013-05-23 22:55:12,427 INFO org.mortbay.log: jetty-6.1.26
2013-05-23 22:55:14,025 INFO org.mortbay.log: Started SelectChannelConnector@0.0.0.0:50090
2013-05-23 22:55:14,025 INFO org.apache.hadoop.hdfs.server.namenode.SecondaryNameNode: Web server init done
2013-05-23 22:55:14,025 INFO org.apache.hadoop.hdfs.server.namenode.SecondaryNameNode: Secondary Web-server up at: 0.0.0.0:50090
2013-05-23 22:55:14,025 INFO org.apache.hadoop.hdfs.server.namenode.SecondaryNameNode: Secondary image servlet up at: 0.0.0.0:50090
2013-05-23 22:55:14,025 WARN org.apache.hadoop.hdfs.server.namenode.SecondaryNameNode: Checkpoint Period   :3600 secs (60 min)
2013-05-23 22:55:14,025 WARN org.apache.hadoop.hdfs.server.namenode.SecondaryNameNode: Log Size Trigger    :67108864 bytes (65536 KB)
2013-05-23 23:00:14,422 INFO org.apache.hadoop.hdfs.server.namenode.SecondaryNameNode: Downloaded file fsimage size 115 bytes.
2013-05-23 23:00:14,424 INFO org.apache.hadoop.hdfs.server.namenode.SecondaryNameNode: Downloaded file edits size 11072 bytes.
2013-05-23 23:00:14,426 INFO org.apache.hadoop.hdfs.util.GSet: VM type       = 32-bit
2013-05-23 23:00:14,426 INFO org.apache.hadoop.hdfs.util.GSet: 2% max memory = 17.77875 MB
2013-05-23 23:00:14,426 INFO org.apache.hadoop.hdfs.util.GSet: capacity      = 2^22 = 4194304 entries
2013-05-23 23:00:14,426 INFO org.apache.hadoop.hdfs.util.GSet: recommended=4194304, actual=4194304
2013-05-23 23:00:14,452 INFO org.apache.hadoop.hdfs.server.namenode.FSNamesystem: fsOwner=xinfengli
2013-05-23 23:00:14,452 INFO org.apache.hadoop.hdfs.server.namenode.FSNamesystem: supergroup=supergroup
2013-05-23 23:00:14,452 INFO org.apache.hadoop.hdfs.server.namenode.FSNamesystem: isPermissionEnabled=true
2013-05-23 23:00:14,456 INFO org.apache.hadoop.hdfs.server.namenode.FSNamesystem: dfs.block.invalidate.limit=100
2013-05-23 23:00:14,456 INFO org.apache.hadoop.hdfs.server.namenode.FSNamesystem: isAccessTokenEnabled=false accessKeyUpdateInterval=0 min(s), accessTokenLifetime=0 min(s)
2013-05-23 23:00:14,464 INFO org.apache.hadoop.hdfs.server.namenode.NameNode: Caching file names occuring more than 10 times 
2013-05-23 23:00:14,643 INFO org.apache.hadoop.hdfs.server.common.Storage: Number of files = 1
2013-05-23 23:00:14,643 INFO org.apache.hadoop.hdfs.server.common.Storage: Number of files under construction = 0
2013-05-23 23:00:14,666 INFO org.apache.hadoop.hdfs.server.common.Storage: Edits file /tmp/hadoop-xinfengli/dfs/namesecondary/current/edits of size 11072 edits # 109 loaded in 0 seconds.
2013-05-23 23:00:14,667 INFO org.apache.hadoop.hdfs.server.namenode.FSNamesystem: Number of transactions: 0 Total time for transactions(ms): 0Number of transactions batched in Syncs: 0 Number of syncs: 0 SyncTimes(ms): 0 
2013-05-23 23:00:14,714 INFO org.apache.hadoop.hdfs.server.common.Storage: Image file of size 3920 saved in 0 seconds.
2013-05-23 23:00:14,998 INFO org.apache.hadoop.hdfs.server.common.Storage: Image file of size 3920 saved in 0 seconds.
2013-05-23 23:00:15,241 INFO org.apache.hadoop.hdfs.server.namenode.SecondaryNameNode: Posted URL 0.0.0.0:50070putimage=1&port=50090&machine=0.0.0.0&token=-32:1396263248:0:1369364413000:1369364105271
2013-05-23 23:00:15,574 INFO org.apache.hadoop.hdfs.server.namenode.SecondaryNameNode: Checkpoint done. New Image Size: 3920
